<?xml version="1.0" encoding="UTF-8"?>
<!-- Generated by org.testng.reporters.JUnitReportReporter -->
<testsuite hostname="DESKTOP-OK4V64I" failures="0" tests="6" name="byTeachers.AcademicTest" time="21.557" errors="0" timestamp="2024-03-27T10:20:07 IST" skipped="0">
  <testcase classname="byTeachers.AcademicTest" name="addacademicSession" time="1.859">
    <system-out>
      <![CDATA[Taking Screenshot]]>
    </system-out>
  </testcase> <!-- addacademicSession -->
  <testcase classname="byTeachers.AcademicTest" name="selectGread" time="3.499">
    <system-out>
      <![CDATA[Taking Screenshot]]>
    </system-out>
  </testcase> <!-- selectGread -->
  <testcase classname="byTeachers.AcademicTest" name="addCourse" time="2.977">
    <system-out>
      <![CDATA[Taking Screenshot]]>
    </system-out>
  </testcase> <!-- addCourse -->
  <testcase classname="byTeachers.AcademicTest" name="addSubject" time="7.690">
    <system-out>
      <![CDATA[Taking Screenshot]]>
    </system-out>
  </testcase> <!-- addSubject -->
  <testcase classname="byTeachers.AcademicTest" name="addBatch" time="2.889">
    <system-out>
      <![CDATA[Taking Screenshot]]>
    </system-out>
  </testcase> <!-- addBatch -->
  <testcase classname="byTeachers.AcademicTest" name="addClassRoom" time="2.643">
    <system-out>
      <![CDATA[Taking Screenshot]]>
    </system-out>
  </testcase> <!-- addClassRoom -->
  <system-out>
    <![CDATA[Reading url from property File
launching the browser
Login successfully
Taking Screenshot
Taking Screenshot
Taking Screenshot
Taking Screenshot
Taking Screenshot
Taking Screenshot]]>
  </system-out>
</testsuite> <!-- byTeachers.AcademicTest -->
