<?xml version="1.0" encoding="UTF-8"?>
<!-- Generated by org.testng.reporters.JUnitReportReporter -->
<testsuite hostname="DESKTOP-OK4V64I" failures="0" tests="1" name="learnerAllTest.RemoveCourseTest" time="10.502" errors="0" timestamp="2025-04-03T13:24:28 IST" skipped="0">
  <testcase classname="learnerAllTest.RemoveCourseTest" name="RemovingCourse" time="10.502">
    <system-out>
      <![CDATA[Course Removed successfully
Taking Screenshot
Test Case Success...
WebDriver instance is null. Cannot capture screenshot.]]>
    </system-out>
  </testcase> <!-- RemovingCourse -->
  <system-out>
    <![CDATA[Reading url from property File
Launching the browser
Course Removed successfully
Taking Screenshot
Test Case Success...
WebDriver instance is null. Cannot capture screenshot.]]>
  </system-out>
</testsuite> <!-- learnerAllTest.RemoveCourseTest -->
