<?xml version="1.0" encoding="UTF-8"?>
<!-- Generated by org.testng.reporters.JUnitReportReporter -->
<testsuite hostname="DESKTOP-OK4V64I" failures="0" tests="1" name="learnerAllTest.BatchChangeTest" time="24.162" errors="0" timestamp="2025-04-01T11:37:08 IST" skipped="0">
  <testcase classname="learnerAllTest.BatchChangeTest" name="ChangeBatch" time="24.162">
    <system-out>
      <![CDATA[Batch Change successfully
Taking Screenshot
Test Case Success...
WebDriver instance is null. Cannot capture screenshot.]]>
    </system-out>
  </testcase> <!-- ChangeBatch -->
  <system-out>
    <![CDATA[Reading url from property File
Launching the browser
Batch Change successfully
Taking Screenshot
Test Case Success...
WebDriver instance is null. Cannot capture screenshot.]]>
  </system-out>
</testsuite> <!-- learnerAllTest.BatchChangeTest -->
