<?xml version="1.0" encoding="UTF-8"?>
<!-- Generated by org.testng.reporters.JUnitReportReporter -->
<testsuite hostname="DESKTOP-OK4V64I" failures="0" tests="1" name="byTeachers.ImportCPTest" time="15.218" errors="0" timestamp="2025-01-23T16:16:24 IST" skipped="0">
  <testcase classname="byTeachers.ImportCPTest" name="creationofplanner" time="15.218"/>
  <system-out>
    <![CDATA[Reading url from property File
launching the browser
Login successfully]]>
  </system-out>
</testsuite> <!-- byTeachers.ImportCPTest -->
