<?xml version="1.0" encoding="UTF-8"?>
<!-- Generated by org.testng.reporters.JUnitReportReporter -->
<testsuite hostname="DESKTOP-OK4V64I" failures="0" tests="3" name="byTeachers.EducatorTest" time="21.494" errors="0" timestamp="2025-01-23T16:31:00 IST" skipped="0">
  <testcase classname="byTeachers.EducatorTest" name="addTeacher" time="7.314">
    <system-out>
      <![CDATA[Teacher added successfully]]>
    </system-out>
  </testcase> <!-- addTeacher -->
  <testcase classname="byTeachers.EducatorTest" name="addStaff" time="1.951">
    <system-out>
      <![CDATA[Staff added successfully]]>
    </system-out>
  </testcase> <!-- addStaff -->
  <testcase classname="byTeachers.EducatorTest" name="addparent" time="12.229">
    <system-out>
      <![CDATA[Parent added successfully]]>
    </system-out>
  </testcase> <!-- addparent -->
  <system-out>
    <![CDATA[Reading url from property File
launching the browser
Login successfully
Staff added successfully
Teacher added successfully
Parent added successfully]]>
  </system-out>
</testsuite> <!-- byTeachers.EducatorTest -->
