<?xml version="1.0" encoding="UTF-8"?>
<!-- Generated by org.testng.reporters.JUnitReportReporter -->
<testsuite hostname="DESKTOP-OK4V64I" failures="0" tests="6" name="byTeachers.StaffTest" time="41.879" errors="0" timestamp="2024-03-21T17:03:54 IST" skipped="0">
  <testcase classname="byTeachers.StaffTest" name="addStaff" time="1.830">
    <system-out>
      <![CDATA[Staff added successfully]]>
    </system-out>
  </testcase> <!-- addStaff -->
  <testcase classname="byTeachers.StaffTest" name="addStaff" time="1.743">
    <system-out>
      <![CDATA[Staff added successfully]]>
    </system-out>
  </testcase> <!-- addStaff -->
  <testcase classname="byTeachers.StaffTest" name="addTeacher" time="7.031">
    <system-out>
      <![CDATA[Teacher added successfully]]>
    </system-out>
  </testcase> <!-- addTeacher -->
  <testcase classname="byTeachers.StaffTest" name="addparent" time="11.748">
    <system-out>
      <![CDATA[Parent added successfully]]>
    </system-out>
  </testcase> <!-- addparent -->
  <testcase classname="byTeachers.StaffTest" name="addTeacher" time="7.359">
    <system-out>
      <![CDATA[Teacher added successfully]]>
    </system-out>
  </testcase> <!-- addTeacher -->
  <testcase classname="byTeachers.StaffTest" name="addparent" time="12.168">
    <system-out>
      <![CDATA[Parent added successfully]]>
    </system-out>
  </testcase> <!-- addparent -->
  <system-out>
    <![CDATA[launching the browser
Login successfully
Staff added successfully
Teacher added successfully
Parent added successfully
launching the browser
Login successfully
Staff added successfully
Teacher added successfully
Parent added successfully]]>
  </system-out>
</testsuite> <!-- byTeachers.StaffTest -->
