<?xml version="1.0" encoding="UTF-8"?>
<!-- Generated by org.testng.reporters.JUnitReportReporter -->
<testsuite hostname="DESKTOP-OK4V64I" failures="0" tests="1" name="byTeachers.ManualCPTest" time="15.514" errors="0" timestamp="2025-01-23T16:14:45 IST" skipped="0">
  <testcase classname="byTeachers.ManualCPTest" name="creationofplanner" time="15.514"/>
  <system-out>
    <![CDATA[Reading url from property File
launching the browser
Login successfully]]>
  </system-out>
</testsuite> <!-- byTeachers.ManualCPTest -->
