<?xml version="1.0" encoding="UTF-8"?>
<!-- Generated by org.testng.reporters.JUnitReportReporter -->
<testsuite hostname="DESKTOP-OK4V64I" failures="0" tests="4" name="assesment.ImportTaskAssesmentTest2" time="41.559" errors="0" timestamp="2025-01-23T15:19:35 IST" skipped="0">
  <testcase classname="assesment.ImportTaskAssesmentTest2" name="createAssesment" time="21.006">
    <system-out>
      <![CDATA[Assesment Created successfully
Test Case Success...
WebDriver instance is null. Cannot capture screenshot.]]>
    </system-out>
  </testcase> <!-- createAssesment -->
  <testcase classname="assesment.ImportTaskAssesmentTest2" name="createTrack" time="7.447">
    <system-out>
      <![CDATA[Track Created successfully
Test Case Success...
WebDriver instance is null. Cannot capture screenshot.]]>
    </system-out>
  </testcase> <!-- createTrack -->
  <testcase classname="assesment.ImportTaskAssesmentTest2" name="fillTrack" time="6.831">
    <system-out>
      <![CDATA[Track filled successfully
Test Case Success...
WebDriver instance is null. Cannot capture screenshot.]]>
    </system-out>
  </testcase> <!-- fillTrack -->
  <testcase classname="assesment.ImportTaskAssesmentTest2" name="examPublish" time="6.275">
    <system-out>
      <![CDATA[Track filled successfully
Test Case Success...
WebDriver instance is null. Cannot capture screenshot.]]>
    </system-out>
  </testcase> <!-- examPublish -->
  <system-out>
    <![CDATA[Reading url from property File
launching the browser
Login successfully
Assesment Created successfully
Test Case Success...
WebDriver instance is null. Cannot capture screenshot.
Track Created successfully
Test Case Success...
WebDriver instance is null. Cannot capture screenshot.
Track filled successfully
Test Case Success...
WebDriver instance is null. Cannot capture screenshot.
Track filled successfully
Test Case Success...
WebDriver instance is null. Cannot capture screenshot.]]>
  </system-out>
</testsuite> <!-- assesment.ImportTaskAssesmentTest2 -->
