<?xml version="1.0" encoding="UTF-8"?>
<!-- Generated by org.testng.reporters.JUnitReportReporter -->
<testsuite hostname="DESKTOP-OK4V64I" failures="0" tests="2" name="learnerAllTest.LearnerTest" time="37.115" errors="0" timestamp="2025-03-18T17:09:24 IST" skipped="0">
  <testcase classname="learnerAllTest.LearnerTest" name="addLearner" time="19.385">
    <system-out>
      <![CDATA[Learner added successfully
Taking Screenshot
Test Case Success...
WebDriver instance is null. Cannot capture screenshot.]]>
    </system-out>
  </testcase> <!-- addLearner -->
  <testcase classname="learnerAllTest.LearnerTest" name="addLearner" time="17.730">
    <system-out>
      <![CDATA[Learner added successfully
Taking Screenshot
Test Case Success...
WebDriver instance is null. Cannot capture screenshot.]]>
    </system-out>
  </testcase> <!-- addLearner -->
  <system-out>
    <![CDATA[launching the browser
Learner added successfully
Taking Screenshot
Test Case Success...
WebDriver instance is null. Cannot capture screenshot.
launching the browser
Learner added successfully
Taking Screenshot
Test Case Success...
WebDriver instance is null. Cannot capture screenshot.]]>
  </system-out>
</testsuite> <!-- learnerAllTest.LearnerTest -->
