<?xml version="1.0" encoding="UTF-8"?>
<!-- Generated by org.testng.reporters.JUnitReportReporter -->
<testsuite hostname="DESKTOP-OK4V64I" failures="0" tests="1" name="learnerAllTest.TransferingCourseTest" time="27.282" errors="0" timestamp="2025-04-03T13:25:47 IST" skipped="0">
  <testcase classname="learnerAllTest.TransferingCourseTest" name="transferC" time="27.282">
    <system-out>
      <![CDATA[Course Transfer successfully
Taking Screenshot
Test Case Success...
WebDriver instance is null. Cannot capture screenshot.]]>
    </system-out>
  </testcase> <!-- transferC -->
  <system-out>
    <![CDATA[Reading url from property File
Launching the browser
Course Transfer successfully
Taking Screenshot
Test Case Success...
WebDriver instance is null. Cannot capture screenshot.]]>
  </system-out>
</testsuite> <!-- learnerAllTest.TransferingCourseTest -->
