<?xml version="1.0" encoding="UTF-8"?>
<!-- Generated by org.testng.reporters.JUnitReportReporter -->
<testsuite hostname="DESKTOP-OK4V64I" failures="0" tests="3" name="byTeachers.AcademicDeleteTest" time="17.849" errors="0" timestamp="2024-04-01T14:24:00 IST" skipped="0">
  <testcase classname="byTeachers.AcademicDeleteTest" name="deleteSession" time="4.526"/>
  <testcase classname="byTeachers.AcademicDeleteTest" name="deleteCourse" time="5.383"/>
  <testcase classname="byTeachers.AcademicDeleteTest" name="deleteClassroom" time="7.940"/>
  <system-out>
    <![CDATA[Reading url from property File
launching the browser
Login successfully]]>
  </system-out>
</testsuite> <!-- byTeachers.AcademicDeleteTest -->
