<?xml version="1.0" encoding="UTF-8"?>
<!-- Generated by org.testng.reporters.JUnitReportReporter -->
<testsuite hostname="DESKTOP-OK4V64I" failures="0" tests="2" name="byTeachers.DeleteWorkTimingTest" time="8.038" errors="0" timestamp="2024-04-04T12:26:22 IST" skipped="0">
  <testcase classname="byTeachers.DeleteWorkTimingTest" name="deleteshift" time="3.509">
    <system-out>
      <![CDATA[Shift Created successfully]]>
    </system-out>
  </testcase> <!-- deleteshift -->
  <testcase classname="byTeachers.DeleteWorkTimingTest" name="deletePeriod" time="4.529">
    <system-out>
      <![CDATA[Shift Created successfully]]>
    </system-out>
  </testcase> <!-- deletePeriod -->
  <system-out>
    <![CDATA[Reading url from property File
launching the browser
Login successfully
Shift Created successfully
Shift Created successfully]]>
  </system-out>
</testsuite> <!-- byTeachers.DeleteWorkTimingTest -->
