<?xml version="1.0" encoding="UTF-8"?>
<!-- Generated by org.testng.reporters.JUnitReportReporter -->
<testsuite hostname="DESKTOP-OK4V64I" failures="0" tests="1" name="learnerAllTest.ConverToAlumniTest" time="9.777" errors="0" timestamp="2025-04-03T13:26:32 IST" skipped="0">
  <testcase classname="learnerAllTest.ConverToAlumniTest" name="ChangeBatch" time="9.777">
    <system-out>
      <![CDATA[Converted into alumni successfully
Taking Screenshot
Test Case Success...
WebDriver instance is null. Cannot capture screenshot.]]>
    </system-out>
  </testcase> <!-- ChangeBatch -->
  <system-out>
    <![CDATA[Reading url from property File
Launching the browser
Converted into alumni successfully
Taking Screenshot
Test Case Success...
WebDriver instance is null. Cannot capture screenshot.]]>
  </system-out>
</testsuite> <!-- learnerAllTest.ConverToAlumniTest -->
