<?xml version="1.0" encoding="UTF-8"?>
<!-- Generated by org.testng.reporters.JUnitReportReporter -->
<testsuite hostname="DESKTOP-OK4V64I" failures="0" tests="4" name="byTeachers.AcademicAddTest" time="17.336" errors="0" timestamp="2025-02-19T14:18:01 IST" skipped="0">
  <testcase classname="byTeachers.AcademicAddTest" name="addacademicSession" time="2.114">
    <system-out>
      <![CDATA[Taking Screenshot
Test Case Success...
WebDriver instance is null. Cannot capture screenshot.]]>
    </system-out>
  </testcase> <!-- addacademicSession -->
  <testcase classname="byTeachers.AcademicAddTest" name="selectGread" time="3.809">
    <system-out>
      <![CDATA[Taking Screenshot
Test Case Success...
WebDriver instance is null. Cannot capture screenshot.]]>
    </system-out>
  </testcase> <!-- selectGread -->
  <testcase classname="byTeachers.AcademicAddTest" name="addCourse" time="8.702">
    <system-out>
      <![CDATA[Taking Screenshot
Test Case Success...
WebDriver instance is null. Cannot capture screenshot.]]>
    </system-out>
  </testcase> <!-- addCourse -->
  <testcase classname="byTeachers.AcademicAddTest" name="addClassRoom" time="2.711">
    <system-out>
      <![CDATA[Taking Screenshot
Test Case Success...
WebDriver instance is null. Cannot capture screenshot.]]>
    </system-out>
  </testcase> <!-- addClassRoom -->
  <system-out>
    <![CDATA[Reading url from property File
launching the browser
Login successfully
Taking Screenshot
Test Case Success...
WebDriver instance is null. Cannot capture screenshot.
Taking Screenshot
Test Case Success...
WebDriver instance is null. Cannot capture screenshot.
Taking Screenshot
Test Case Success...
WebDriver instance is null. Cannot capture screenshot.
Taking Screenshot
Test Case Success...
WebDriver instance is null. Cannot capture screenshot.]]>
  </system-out>
</testsuite> <!-- byTeachers.AcademicAddTest -->
