<?xml version="1.0" encoding="UTF-8"?>
<!-- Generated by org.testng.reporters.JUnitReportReporter -->
<testsuite hostname="DESKTOP-OK4V64I" failures="0" tests="2" name="byTeachers.NewTest" time="15.879" errors="0" timestamp="2024-04-01T10:18:00 IST" skipped="0">
  <testcase classname="byTeachers.NewTest" name="addLearner" time="7.382">
    <system-out>
      <![CDATA[Learner added successfully]]>
    </system-out>
  </testcase> <!-- addLearner -->
  <testcase classname="byTeachers.NewTest" name="addLearner" time="8.497">
    <system-out>
      <![CDATA[Learner added successfully]]>
    </system-out>
  </testcase> <!-- addLearner -->
  <system-out>
    <![CDATA[launching the browser
Learner added successfully
launching the browser
Learner added successfully]]>
  </system-out>
</testsuite> <!-- byTeachers.NewTest -->
