<?xml version="1.0" encoding="UTF-8"?>
<!-- Generated by org.testng.reporters.JUnitReportReporter -->
<testsuite hostname="DESKTOP-OK4V64I" failures="0" tests="3" name="byTeachers.EducatorTest" time="21.926" errors="0" timestamp="2025-04-14T14:16:19 IST" skipped="0">
  <testcase classname="byTeachers.EducatorTest" name="addTeacher" time="7.885">
    <system-out>
      <![CDATA[Teacher added successfully
Test Case Success...
WebDriver instance is null. Cannot capture screenshot.]]>
    </system-out>
  </testcase> <!-- addTeacher -->
  <testcase classname="byTeachers.EducatorTest" name="addparent" time="12.564">
    <system-out>
      <![CDATA[Parent added successfully
Test Case Success...
WebDriver instance is null. Cannot capture screenshot.]]>
    </system-out>
  </testcase> <!-- addparent -->
  <testcase classname="byTeachers.EducatorTest" name="addStaff" time="1.477">
    <system-out>
      <![CDATA[Staff added successfully
Test Case Success...
WebDriver instance is null. Cannot capture screenshot.]]>
    </system-out>
  </testcase> <!-- addStaff -->
  <system-out>
    <![CDATA[launching the browser
Learner added successfully
Taking Screenshot
Test Case Success...
WebDriver instance is null. Cannot capture screenshot.
Reading url from property File
Launching the browser
Login successfully
Staff added successfully
Test Case Success...
WebDriver instance is null. Cannot capture screenshot.
Teacher added successfully
Test Case Success...
WebDriver instance is null. Cannot capture screenshot.
Parent added successfully
Test Case Success...
WebDriver instance is null. Cannot capture screenshot.
Test case Skipped Please check
WebDriver instance is null. Cannot capture screenshot.
Test case Skipped Please check
WebDriver instance is null. Cannot capture screenshot.
Test case Skipped Please check
WebDriver instance is null. Cannot capture screenshot.
Test case Skipped Please check
WebDriver instance is null. Cannot capture screenshot.]]>
  </system-out>
</testsuite> <!-- byTeachers.EducatorTest -->
