<?xml version="1.0" encoding="UTF-8"?>
<!-- Generated by org.testng.reporters.JUnitReportReporter -->
<testsuite hostname="DESKTOP-OK4V64I" failures="0" tests="1" name="byTeachers.CPTest" time="2.579" errors="0" timestamp="2024-05-31T15:48:48 IST" skipped="0">
  <testcase classname="byTeachers.CPTest" name="creationofplanner" time="2.579"/>
  <system-out>
    <![CDATA[Reading url from property File
launching the browser
Login successfully]]>
  </system-out>
</testsuite> <!-- byTeachers.CPTest -->
