<?xml version="1.0" encoding="UTF-8"?>
<!-- Generated by org.testng.reporters.JUnitReportReporter -->
<testsuite hostname="DESKTOP-OK4V64I" failures="0" tests="3" name="byTeachers.AcademicEditTest" time="17.368" errors="0" timestamp="2024-04-01T14:20:43 IST" skipped="0">
  <testcase classname="byTeachers.AcademicEditTest" name="editSession" time="2.902"/>
  <testcase classname="byTeachers.AcademicEditTest" name="editCourse" time="6.675"/>
  <testcase classname="byTeachers.AcademicEditTest" name="editClassRoom" time="7.791"/>
  <system-out>
    <![CDATA[Reading url from property File
launching the browser
Login successfully]]>
  </system-out>
</testsuite> <!-- byTeachers.AcademicEditTest -->
